c:\xb_zhang\led_tool\1\led_tool\led_tool\debug\led_tool.pch
c:\xb_zhang\led_tool\1\led_tool\led_tool\debug\vc141.pdb
c:\xb_zhang\led_tool\1\led_tool\led_tool\debug\vc141.idb
c:\xb_zhang\led_tool\1\led_tool\led_tool\debug\stdafx.sbr
c:\xb_zhang\led_tool\1\led_tool\led_tool\debug\stdafx.obj
c:\xb_zhang\led_tool\1\led_tool\led_tool\debug\websocket_endpoint.sbr
c:\xb_zhang\led_tool\1\led_tool\led_tool\debug\led_tooldlg.sbr
c:\xb_zhang\led_tool\1\led_tool\led_tool\debug\led_tool.sbr
c:\xb_zhang\led_tool\1\led_tool\led_tool\debug\ini.sbr
c:\xb_zhang\led_tool\1\led_tool\led_tool\debug\ini.obj
c:\xb_zhang\led_tool\1\led_tool\led_tool\debug\led_tool.obj
c:\xb_zhang\led_tool\1\led_tool\led_tool\debug\led_tooldlg.obj
c:\xb_zhang\led_tool\1\led_tool\led_tool\debug\websocket_endpoint.obj
c:\xb_zhang\led_tool\1\led_tool\led_tool\debug\led_tool.res
c:\xb_zhang\led_tool\1\led_tool\led_tool\debug\led_tool.tlog\cl.command.1.tlog
c:\xb_zhang\led_tool\1\led_tool\led_tool\debug\led_tool.tlog\cl.read.1.tlog
c:\xb_zhang\led_tool\1\led_tool\led_tool\debug\led_tool.tlog\cl.write.1.tlog
c:\xb_zhang\led_tool\1\led_tool\led_tool\debug\led_tool.tlog\link.command.1.tlog
c:\xb_zhang\led_tool\1\led_tool\led_tool\debug\led_tool.tlog\link.read.1.tlog
c:\xb_zhang\led_tool\1\led_tool\led_tool\debug\led_tool.tlog\link.write.1.tlog
c:\xb_zhang\led_tool\1\led_tool\led_tool\debug\led_tool.tlog\rc.command.1.tlog
c:\xb_zhang\led_tool\1\led_tool\led_tool\debug\led_tool.tlog\rc.read.1.tlog
c:\xb_zhang\led_tool\1\led_tool\led_tool\debug\led_tool.tlog\rc.write.1.tlog
