c:\xb_zhang\led_tool\2\led_pc_soft\project\debug\led_tool.bsc
c:\xb_zhang\led_tool\2\led_pc_soft\project\debug\led_tool.pch
c:\xb_zhang\led_tool\2\led_pc_soft\project\debug\vc141.pdb
c:\xb_zhang\led_tool\2\led_pc_soft\project\debug\vc141.idb
c:\xb_zhang\led_tool\2\led_pc_soft\project\debug\stdafx.sbr
c:\xb_zhang\led_tool\2\led_pc_soft\project\debug\stdafx.obj
c:\xb_zhang\led_tool\2\led_pc_soft\project\debug\websocket_endpoint.sbr
c:\xb_zhang\led_tool\2\led_pc_soft\project\debug\led_tooldlg.sbr
c:\xb_zhang\led_tool\2\led_pc_soft\project\debug\led_tool.sbr
c:\xb_zhang\led_tool\2\led_pc_soft\project\debug\ini.sbr
c:\xb_zhang\led_tool\2\led_pc_soft\project\debug\ini.obj
c:\xb_zhang\led_tool\2\led_pc_soft\project\debug\led_tool.obj
c:\xb_zhang\led_tool\2\led_pc_soft\project\debug\led_tooldlg.obj
c:\xb_zhang\led_tool\2\led_pc_soft\project\debug\websocket_endpoint.obj
c:\xb_zhang\led_tool\2\led_pc_soft\project\debug\led_tool.exe
c:\xb_zhang\led_tool\2\led_pc_soft\project\debug\led_tool.ilk
c:\xb_zhang\led_tool\2\led_pc_soft\project\debug\led_tool.pdb
c:\xb_zhang\led_tool\2\led_pc_soft\project\debug\led_tool.res
c:\xb_zhang\led_tool\2\led_pc_soft\project\.\debug\led_tool.exe
c:\xb_zhang\led_tool\2\led_pc_soft\project\debug\led_tool.tlog\bscmake.command.1.tlog
c:\xb_zhang\led_tool\2\led_pc_soft\project\debug\led_tool.tlog\bscmake.read.1.tlog
c:\xb_zhang\led_tool\2\led_pc_soft\project\debug\led_tool.tlog\bscmake.write.1.tlog
c:\xb_zhang\led_tool\2\led_pc_soft\project\debug\led_tool.tlog\cl.command.1.tlog
c:\xb_zhang\led_tool\2\led_pc_soft\project\debug\led_tool.tlog\cl.read.1.tlog
c:\xb_zhang\led_tool\2\led_pc_soft\project\debug\led_tool.tlog\cl.write.1.tlog
c:\xb_zhang\led_tool\2\led_pc_soft\project\debug\led_tool.tlog\link.command.1.tlog
c:\xb_zhang\led_tool\2\led_pc_soft\project\debug\led_tool.tlog\link.read.1.tlog
c:\xb_zhang\led_tool\2\led_pc_soft\project\debug\led_tool.tlog\link.write.1.tlog
c:\xb_zhang\led_tool\2\led_pc_soft\project\debug\led_tool.tlog\rc.command.1.tlog
c:\xb_zhang\led_tool\2\led_pc_soft\project\debug\led_tool.tlog\rc.read.1.tlog
c:\xb_zhang\led_tool\2\led_pc_soft\project\debug\led_tool.tlog\rc.write.1.tlog
