cl : Command line warning D9035: option 'Gm' has been deprecated and will be removed in a future release
  led_toolDlg.cpp
c:\xb_zhang\led_tool\2\led_pc_soft\project\led_tooldlg.cpp(658): warning C4102: 'RETURN': unreferenced label
c:\xb_zhang\led_tool\2\led_pc_soft\project\led_tooldlg.cpp(744): warning C4996: 'strcpy': This function or variable may be unsafe. Consider using strcpy_s instead. To disable deprecation, use _CRT_SECURE_NO_WARNINGS. See online help for details.
  c:\program files (x86)\windows kits\10\include\10.0.17763.0\ucrt\string.h(133): note: see declaration of 'strcpy'
c:\xb_zhang\led_tool\2\led_pc_soft\project\led_tooldlg.cpp(745): warning C4996: 'strcat': This function or variable may be unsafe. Consider using strcat_s instead. To disable deprecation, use _CRT_SECURE_NO_WARNINGS. See online help for details.
  c:\program files (x86)\windows kits\10\include\10.0.17763.0\ucrt\string.h(90): note: see declaration of 'strcat'
c:\xb_zhang\led_tool\2\led_pc_soft\project\led_tooldlg.cpp(756): warning C4996: 'strcpy': This function or variable may be unsafe. Consider using strcpy_s instead. To disable deprecation, use _CRT_SECURE_NO_WARNINGS. See online help for details.
  c:\program files (x86)\windows kits\10\include\10.0.17763.0\ucrt\string.h(133): note: see declaration of 'strcpy'
c:\xb_zhang\led_tool\2\led_pc_soft\project\led_tooldlg.cpp(757): warning C4996: 'strcat': This function or variable may be unsafe. Consider using strcat_s instead. To disable deprecation, use _CRT_SECURE_NO_WARNINGS. See online help for details.
  c:\program files (x86)\windows kits\10\include\10.0.17763.0\ucrt\string.h(90): note: see declaration of 'strcat'
c:\xb_zhang\led_tool\2\led_pc_soft\project\led_tooldlg.cpp(758): warning C4996: 'strcat': This function or variable may be unsafe. Consider using strcat_s instead. To disable deprecation, use _CRT_SECURE_NO_WARNINGS. See online help for details.
  c:\program files (x86)\windows kits\10\include\10.0.17763.0\ucrt\string.h(90): note: see declaration of 'strcat'
c:\xb_zhang\led_tool\2\led_pc_soft\project\led_tooldlg.cpp(793): warning C4996: 'strcpy': This function or variable may be unsafe. Consider using strcpy_s instead. To disable deprecation, use _CRT_SECURE_NO_WARNINGS. See online help for details.
  c:\program files (x86)\windows kits\10\include\10.0.17763.0\ucrt\string.h(133): note: see declaration of 'strcpy'
c:\xb_zhang\led_tool\2\led_pc_soft\project\led_tooldlg.cpp(794): warning C4996: 'strcpy': This function or variable may be unsafe. Consider using strcpy_s instead. To disable deprecation, use _CRT_SECURE_NO_WARNINGS. See online help for details.
  c:\program files (x86)\windows kits\10\include\10.0.17763.0\ucrt\string.h(133): note: see declaration of 'strcpy'
c:\xb_zhang\led_tool\2\led_pc_soft\project\led_tooldlg.cpp(795): warning C4996: 'strcpy': This function or variable may be unsafe. Consider using strcpy_s instead. To disable deprecation, use _CRT_SECURE_NO_WARNINGS. See online help for details.
  c:\program files (x86)\windows kits\10\include\10.0.17763.0\ucrt\string.h(133): note: see declaration of 'strcpy'
c:\xb_zhang\led_tool\2\led_pc_soft\project\led_tooldlg.cpp(1025): warning C4996: 'strcpy': This function or variable may be unsafe. Consider using strcpy_s instead. To disable deprecation, use _CRT_SECURE_NO_WARNINGS. See online help for details.
  c:\program files (x86)\windows kits\10\include\10.0.17763.0\ucrt\string.h(133): note: see declaration of 'strcpy'
c:\xb_zhang\led_tool\2\led_pc_soft\project\led_tooldlg.cpp(1339): warning C4996: 'strcpy': This function or variable may be unsafe. Consider using strcpy_s instead. To disable deprecation, use _CRT_SECURE_NO_WARNINGS. See online help for details.
  c:\program files (x86)\windows kits\10\include\10.0.17763.0\ucrt\string.h(133): note: see declaration of 'strcpy'
c:\xb_zhang\led_tool\2\led_pc_soft\project\led_tooldlg.cpp(1344): warning C4996: 'sprintf': This function or variable may be unsafe. Consider using sprintf_s instead. To disable deprecation, use _CRT_SECURE_NO_WARNINGS. See online help for details.
  c:\program files (x86)\windows kits\10\include\10.0.17763.0\ucrt\stdio.h(1774): note: see declaration of 'sprintf'
c:\xb_zhang\led_tool\2\led_pc_soft\project\led_tooldlg.cpp(1575): warning C4267: 'argument': conversion from 'size_t' to 'USHORT', possible loss of data
c:\xb_zhang\led_tool\2\led_pc_soft\project\led_tooldlg.cpp(1641): warning C4996: 'strcat': This function or variable may be unsafe. Consider using strcat_s instead. To disable deprecation, use _CRT_SECURE_NO_WARNINGS. See online help for details.
  c:\program files (x86)\windows kits\10\include\10.0.17763.0\ucrt\string.h(90): note: see declaration of 'strcat'
c:\xb_zhang\led_tool\2\led_pc_soft\project\led_tooldlg.cpp(1647): warning C4996: 'fopen': This function or variable may be unsafe. Consider using fopen_s instead. To disable deprecation, use _CRT_SECURE_NO_WARNINGS. See online help for details.
  c:\program files (x86)\windows kits\10\include\10.0.17763.0\ucrt\stdio.h(208): note: see declaration of 'fopen'
c:\xb_zhang\led_tool\2\led_pc_soft\project\led_tooldlg.cpp(1658): warning C4996: 'fopen': This function or variable may be unsafe. Consider using fopen_s instead. To disable deprecation, use _CRT_SECURE_NO_WARNINGS. See online help for details.
  c:\program files (x86)\windows kits\10\include\10.0.17763.0\ucrt\stdio.h(208): note: see declaration of 'fopen'
c:\xb_zhang\led_tool\2\led_pc_soft\project\led_tooldlg.cpp(1695): warning C4018: '<': signed/unsigned mismatch
c:\xb_zhang\led_tool\2\led_pc_soft\project\led_tooldlg.cpp(1714): warning C4996: 'strcpy': This function or variable may be unsafe. Consider using strcpy_s instead. To disable deprecation, use _CRT_SECURE_NO_WARNINGS. See online help for details.
  c:\program files (x86)\windows kits\10\include\10.0.17763.0\ucrt\string.h(133): note: see declaration of 'strcpy'
c:\xb_zhang\led_tool\2\led_pc_soft\project\led_tooldlg.cpp(1736): warning C4101: 'len': unreferenced local variable
c:\xb_zhang\led_tool\2\led_pc_soft\project\led_tooldlg.cpp(1738): warning C4101: 'my_area': unreferenced local variable
  led_tool.vcxproj -> C:\xb_zhang\led_tool\2\LED_PC_SOFT\Project\.\Debug\led_tool.exe
