c:\xb_zhang\led_tool\1\led_tool\led_tool\project\release\led_tool.pch
c:\xb_zhang\led_tool\1\led_tool\led_tool\project\release\vc141.pdb
c:\xb_zhang\led_tool\1\led_tool\led_tool\project\release\stdafx.obj
c:\xb_zhang\led_tool\1\led_tool\led_tool\project\release\ini.obj
c:\xb_zhang\led_tool\1\led_tool\led_tool\project\release\websocket_endpoint.obj
c:\xb_zhang\led_tool\1\led_tool\led_tool\project\release\led_tooldlg.obj
c:\xb_zhang\led_tool\1\led_tool\led_tool\project\release\led_tool.obj
c:\xb_zhang\led_tool\1\led_tool\led_tool\project\release\led_tool.exe
c:\xb_zhang\led_tool\1\led_tool\led_tool\project\release\led_tool.pdb
c:\xb_zhang\led_tool\1\led_tool\led_tool\project\release\led_tool.res
c:\xb_zhang\led_tool\1\led_tool\led_tool\project\.\release\led_tool.exe
c:\xb_zhang\led_tool\1\led_tool\led_tool\project\release\led_tool.tlog\cl.command.1.tlog
c:\xb_zhang\led_tool\1\led_tool\led_tool\project\release\led_tool.tlog\cl.read.1.tlog
c:\xb_zhang\led_tool\1\led_tool\led_tool\project\release\led_tool.tlog\cl.write.1.tlog
c:\xb_zhang\led_tool\1\led_tool\led_tool\project\release\led_tool.tlog\link.command.1.tlog
c:\xb_zhang\led_tool\1\led_tool\led_tool\project\release\led_tool.tlog\link.read.1.tlog
c:\xb_zhang\led_tool\1\led_tool\led_tool\project\release\led_tool.tlog\link.write.1.tlog
c:\xb_zhang\led_tool\1\led_tool\led_tool\project\release\led_tool.tlog\rc.command.1.tlog
c:\xb_zhang\led_tool\1\led_tool\led_tool\project\release\led_tool.tlog\rc.read.1.tlog
c:\xb_zhang\led_tool\1\led_tool\led_tool\project\release\led_tool.tlog\rc.write.1.tlog
