  StdAfx.cpp
  _WIN32_WINNT not defined. Defaulting to _WIN32_WINNT_MAXVER (see WinSDKVer.h)
  ini.cpp
  led_tool.cpp
c:\project\xb_zhang\pc_tool\led_pc_soft\project\led_tool.cpp(59): warning C4996: 'CWinApp::Enable3dControlsStatic': CWinApp::Enable3dControlsStatic is no longer needed. You should remove this call.
  c:\program files (x86)\microsoft visual studio\2017\enterprise\vc\tools\msvc\14.16.27023\atlmfc\include\afxwin2.inl(1077): note: see declaration of 'CWinApp::Enable3dControlsStatic'
  led_toolDlg.cpp
c:\project\xb_zhang\pc_tool\led_pc_soft\project\led_tooldlg.cpp(644): warning C4102: 'RETURN': unreferenced label
c:\project\xb_zhang\pc_tool\led_pc_soft\project\led_tooldlg.cpp(730): warning C4996: 'strcpy': This function or variable may be unsafe. Consider using strcpy_s instead. To disable deprecation, use _CRT_SECURE_NO_WARNINGS. See online help for details.
  c:\program files (x86)\windows kits\10\include\10.0.17763.0\ucrt\string.h(133): note: see declaration of 'strcpy'
c:\project\xb_zhang\pc_tool\led_pc_soft\project\led_tooldlg.cpp(731): warning C4996: 'strcat': This function or variable may be unsafe. Consider using strcat_s instead. To disable deprecation, use _CRT_SECURE_NO_WARNINGS. See online help for details.
  c:\program files (x86)\windows kits\10\include\10.0.17763.0\ucrt\string.h(90): note: see declaration of 'strcat'
c:\project\xb_zhang\pc_tool\led_pc_soft\project\led_tooldlg.cpp(742): warning C4996: 'strcpy': This function or variable may be unsafe. Consider using strcpy_s instead. To disable deprecation, use _CRT_SECURE_NO_WARNINGS. See online help for details.
  c:\program files (x86)\windows kits\10\include\10.0.17763.0\ucrt\string.h(133): note: see declaration of 'strcpy'
c:\project\xb_zhang\pc_tool\led_pc_soft\project\led_tooldlg.cpp(743): warning C4996: 'strcat': This function or variable may be unsafe. Consider using strcat_s instead. To disable deprecation, use _CRT_SECURE_NO_WARNINGS. See online help for details.
  c:\program files (x86)\windows kits\10\include\10.0.17763.0\ucrt\string.h(90): note: see declaration of 'strcat'
c:\project\xb_zhang\pc_tool\led_pc_soft\project\led_tooldlg.cpp(744): warning C4996: 'strcat': This function or variable may be unsafe. Consider using strcat_s instead. To disable deprecation, use _CRT_SECURE_NO_WARNINGS. See online help for details.
  c:\program files (x86)\windows kits\10\include\10.0.17763.0\ucrt\string.h(90): note: see declaration of 'strcat'
c:\project\xb_zhang\pc_tool\led_pc_soft\project\led_tooldlg.cpp(779): warning C4996: 'strcpy': This function or variable may be unsafe. Consider using strcpy_s instead. To disable deprecation, use _CRT_SECURE_NO_WARNINGS. See online help for details.
  c:\program files (x86)\windows kits\10\include\10.0.17763.0\ucrt\string.h(133): note: see declaration of 'strcpy'
c:\project\xb_zhang\pc_tool\led_pc_soft\project\led_tooldlg.cpp(780): warning C4996: 'strcpy': This function or variable may be unsafe. Consider using strcpy_s instead. To disable deprecation, use _CRT_SECURE_NO_WARNINGS. See online help for details.
  c:\program files (x86)\windows kits\10\include\10.0.17763.0\ucrt\string.h(133): note: see declaration of 'strcpy'
c:\project\xb_zhang\pc_tool\led_pc_soft\project\led_tooldlg.cpp(781): warning C4996: 'strcpy': This function or variable may be unsafe. Consider using strcpy_s instead. To disable deprecation, use _CRT_SECURE_NO_WARNINGS. See online help for details.
  c:\program files (x86)\windows kits\10\include\10.0.17763.0\ucrt\string.h(133): note: see declaration of 'strcpy'
c:\project\xb_zhang\pc_tool\led_pc_soft\project\led_tooldlg.cpp(1011): warning C4996: 'strcpy': This function or variable may be unsafe. Consider using strcpy_s instead. To disable deprecation, use _CRT_SECURE_NO_WARNINGS. See online help for details.
  c:\program files (x86)\windows kits\10\include\10.0.17763.0\ucrt\string.h(133): note: see declaration of 'strcpy'
c:\project\xb_zhang\pc_tool\led_pc_soft\project\led_tooldlg.cpp(1372): warning C4996: 'strcpy': This function or variable may be unsafe. Consider using strcpy_s instead. To disable deprecation, use _CRT_SECURE_NO_WARNINGS. See online help for details.
  c:\program files (x86)\windows kits\10\include\10.0.17763.0\ucrt\string.h(133): note: see declaration of 'strcpy'
c:\project\xb_zhang\pc_tool\led_pc_soft\project\led_tooldlg.cpp(1377): warning C4996: 'sprintf': This function or variable may be unsafe. Consider using sprintf_s instead. To disable deprecation, use _CRT_SECURE_NO_WARNINGS. See online help for details.
  c:\program files (x86)\windows kits\10\include\10.0.17763.0\ucrt\stdio.h(1774): note: see declaration of 'sprintf'
c:\project\xb_zhang\pc_tool\led_pc_soft\project\led_tooldlg.cpp(1608): warning C4267: 'argument': conversion from 'size_t' to 'USHORT', possible loss of data
c:\project\xb_zhang\pc_tool\led_pc_soft\project\led_tooldlg.cpp(1674): warning C4996: 'strcat': This function or variable may be unsafe. Consider using strcat_s instead. To disable deprecation, use _CRT_SECURE_NO_WARNINGS. See online help for details.
  c:\program files (x86)\windows kits\10\include\10.0.17763.0\ucrt\string.h(90): note: see declaration of 'strcat'
c:\project\xb_zhang\pc_tool\led_pc_soft\project\led_tooldlg.cpp(1680): warning C4996: 'fopen': This function or variable may be unsafe. Consider using fopen_s instead. To disable deprecation, use _CRT_SECURE_NO_WARNINGS. See online help for details.
  c:\program files (x86)\windows kits\10\include\10.0.17763.0\ucrt\stdio.h(208): note: see declaration of 'fopen'
c:\project\xb_zhang\pc_tool\led_pc_soft\project\led_tooldlg.cpp(1691): warning C4996: 'fopen': This function or variable may be unsafe. Consider using fopen_s instead. To disable deprecation, use _CRT_SECURE_NO_WARNINGS. See online help for details.
  c:\program files (x86)\windows kits\10\include\10.0.17763.0\ucrt\stdio.h(208): note: see declaration of 'fopen'
c:\project\xb_zhang\pc_tool\led_pc_soft\project\led_tooldlg.cpp(1728): warning C4018: '<': signed/unsigned mismatch
c:\project\xb_zhang\pc_tool\led_pc_soft\project\led_tooldlg.cpp(1747): warning C4996: 'strcpy': This function or variable may be unsafe. Consider using strcpy_s instead. To disable deprecation, use _CRT_SECURE_NO_WARNINGS. See online help for details.
  c:\program files (x86)\windows kits\10\include\10.0.17763.0\ucrt\string.h(133): note: see declaration of 'strcpy'
c:\project\xb_zhang\pc_tool\led_pc_soft\project\led_tooldlg.cpp(1769): warning C4101: 'len': unreferenced local variable
c:\project\xb_zhang\pc_tool\led_pc_soft\project\led_tooldlg.cpp(1771): warning C4101: 'my_area': unreferenced local variable
  websocket_endpoint.cpp
  Generating Code...
  led_tool.vcxproj -> C:\Project\xb_zhang\PC_TOOL\LED_PC_SOFT\Project\.\Release\led_tool.exe
